<?xml version="1.0" encoding="UTF-8" ?>
<testsuite tests="18" failures="0" name="IPASS.RunTest" time="0.366" errors="6" skipped="12">
  <properties>
[...]
</properties>
  <testcase classname="| Aerospace Engineering MSc | University of Salford |" name="Given a registered user logged into the dashboard" time="0.046">
    <error type="java.lang.NullPointerException">java.lang.NullPointerException
	at sun.reflect.NativeMethodAccessorImpl.invoke0(Native Method)
	at sun.reflect.NativeMethodAccessorImpl.invoke(NativeMethodAccessorImpl.java:62)
	at sun.reflect.DelegatingMethodAccessorImpl.invoke(DelegatingMethodAccessorImpl.java:43)
	at java.lang.reflect.Method.invoke(Method.java:498)
	at org.openqa.selenium.support.pagefactory.internal.LocatingElementHandler.invoke(LocatingElementHandler.java:51)
	at com.sun.proxy.$Proxy16.click(Unknown Source)
	at IPASS.HomePage.login(HomePage.java:29)
	at IPASS.StepDefs.a_registered_user_logged_into_the_dashboard(StepDefs.java:16)
	at ✽.Given a registered user logged into the dashboard(Geomon.feature:69)
</error>
    <system-out>local chrome started...
Waiting for element to be clickable By.linkText: Skip to main site
Feature: login

  @end2end
  Scenario Outline: User should be able to apply for course successfully                                         &amp;#27;[90m# Geomon.feature:67&amp;#27;[0m
    &amp;#27;[36mGiven &amp;#27;[0m&amp;#27;[36ma registered user logged into the dashboard&amp;#27;[0m
    &amp;#27;[36mWhen &amp;#27;[0m&amp;#27;[36mhe search for a course with title &quot;&lt;course&gt;&quot;&amp;#27;[0m
    &amp;#27;[36mAnd &amp;#27;[0m&amp;#27;[36mselect the university &quot;&lt;university&gt;&quot; and navigate to the course &quot;&lt;course&gt;&quot;&amp;#27;[0m
    &amp;#27;[36mAnd &amp;#27;[0m&amp;#27;[36mintended to apply for that course and selected apply course&amp;#27;[0m
    &amp;#27;[36mThen &amp;#27;[0m&amp;#27;[36mthe applied course &quot;&lt;course&gt;&quot; from univesity &quot;&lt;university&gt;&quot; should be added to his My Universities list&amp;#27;[0m

    Examples: 
</system-out>
    <system-err>Starting ChromeDriver 2.25.426935 (820a95b0b81d33e42712f9198c215f703412e1a1) on port 34966
Only local connections are allowed.
Feb 06, 2017 9:52:26 PM org.openqa.selenium.remote.ProtocolHandshake createSession
INFO: Attempting bi-dialect session, assuming Postel&apos;s Law holds true on the remote end
log4j:WARN No appenders could be found for logger (org.apache.http.client.protocol.RequestAddCookies).
log4j:WARN Please initialize the log4j system properly.
log4j:WARN See http://logging.apache.org/log4j/1.2/faq.html#noconfig for more info.
Feb 06, 2017 9:52:27 PM org.openqa.selenium.remote.ProtocolHandshake createSession
INFO: Detected dialect: OSS
</system-err>
  </testcase>
  <testcase classname="| Aerospace Engineering MSc | University of Salford |" name="| Aerospace Engineering MSc | University of Salford |" time="0.049">
    <error type="java.lang.NullPointerException">java.lang.NullPointerException
	at sun.reflect.NativeMethodAccessorImpl.invoke0(Native Method)
	at sun.reflect.NativeMethodAccessorImpl.invoke(NativeMethodAccessorImpl.java:62)
	at sun.reflect.DelegatingMethodAccessorImpl.invoke(DelegatingMethodAccessorImpl.java:43)
	at java.lang.reflect.Method.invoke(Method.java:498)
	at org.openqa.selenium.support.pagefactory.internal.LocatingElementHandler.invoke(LocatingElementHandler.java:51)
	at com.sun.proxy.$Proxy16.click(Unknown Source)
	at IPASS.HomePage.login(HomePage.java:29)
	at IPASS.StepDefs.a_registered_user_logged_into_the_dashboard(StepDefs.java:16)
	at ✽.Given a registered user logged into the dashboard(Geomon.feature:69)
</error>
  </testcase>
  <testcase classname="| Aerospace Engineering MSc | University of Salford |" name="When he search for a course with title &quot;Aerospace Engineering MSc&quot;" time="0.05">
    <skipped/>
  </testcase>
  <testcase classname="| Aerospace Engineering MSc | University of Salford |" name="And select the university &quot;University of Salford&quot; and navigate to the course &quot;Aerospace Engineering MSc&quot;" time="0.05">
    <skipped/>
  </testcase>
  <testcase classname="| Aerospace Engineering MSc | University of Salford |" name="And intended to apply for that course and selected apply course" time="0.05">
    <skipped/>
  </testcase>
  <testcase classname="| Aerospace Engineering MSc | University of Salford |" name="Then the applied course &quot;Aerospace Engineering MSc&quot; from univesity &quot;University of Salford&quot; should be added to his My Universities list" time="0.05">
    <skipped/>
  </testcase>
  <testcase classname="| Media Arts And Creative |  |" name="Given a registered user logged into the dashboard" time="0.003">
    <error message="no such window: target window already closed
from unknown error: web view not found
  (Session info: chrome=56.0.2924.87)
  (Driver info: chromedriver=2.25.426935 (820a95b0b81d33e42712f9198c215f703412e1a1),platform=Mac OS X 10.12.2 x86_64) (WARNING: The server did not provide any stacktrace information)
Command duration or timeout: 43 milliseconds
Build info: version: &apos;3.0.1&apos;, revision: &apos;1969d75&apos;, time: &apos;2016-10-18 09:49:13 -0700&apos;
System info: host: &apos;Shiyas-MacBook-Pro.local&apos;, ip: &apos;192.168.0.25&apos;, os.name: &apos;Mac OS X&apos;, os.arch: &apos;x86_64&apos;, os.version: &apos;10.12.2&apos;, java.version: &apos;1.8.0_111&apos;
Driver info: org.openqa.selenium.chrome.ChromeDriver
Capabilities [{applicationCacheEnabled=false, rotatable=false, mobileEmulationEnabled=false, networkConnectionEnabled=false, chrome={chromedriverVersion=2.25.426935 (820a95b0b81d33e42712f9198c215f703412e1a1), userDataDir=/var/folders/88/fndvyy_n08n5jl5472qbh0dc0000gn/T/.org.chromium.Chromium.oDNczG}, takesHeapSnapshot=true, pageLoadStrategy=normal, databaseEnabled=false, handlesAlerts=true, hasTouchScreen=false, version=56.0.2924.87, platform=MAC, browserConnectionEnabled=false, nativeEvents=true, acceptSslCerts=true, locationContextEnabled=true, webStorageEnabled=true, browserName=chrome, takesScreenshot=true, javascriptEnabled=true, cssSelectorsEnabled=true}]
Session ID: 713cb739d8441c4979d2b8e0e4d075ee
*** Element info: {Using=css selector, value=#menu-item-1825 a i}" type="org.openqa.selenium.NoSuchWindowException">org.openqa.selenium.NoSuchWindowException: no such window: target window already closed
from unknown error: web view not found
  (Session info: chrome=56.0.2924.87)
  (Driver info: chromedriver=2.25.426935 (820a95b0b81d33e42712f9198c215f703412e1a1),platform=Mac OS X 10.12.2 x86_64) (WARNING: The server did not provide any stacktrace information)
Command duration or timeout: 43 milliseconds
Build info: version: &apos;3.0.1&apos;, revision: &apos;1969d75&apos;, time: &apos;2016-10-18 09:49:13 -0700&apos;
System info: host: &apos;Shiyas-MacBook-Pro.local&apos;, ip: &apos;192.168.0.25&apos;, os.name: &apos;Mac OS X&apos;, os.arch: &apos;x86_64&apos;, os.version: &apos;10.12.2&apos;, java.version: &apos;1.8.0_111&apos;
Driver info: org.openqa.selenium.chrome.ChromeDriver
Capabilities [{applicationCacheEnabled=false, rotatable=false, mobileEmulationEnabled=false, networkConnectionEnabled=false, chrome={chromedriverVersion=2.25.426935 (820a95b0b81d33e42712f9198c215f703412e1a1), userDataDir=/var/folders/88/fndvyy_n08n5jl5472qbh0dc0000gn/T/.org.chromium.Chromium.oDNczG}, takesHeapSnapshot=true, pageLoadStrategy=normal, databaseEnabled=false, handlesAlerts=true, hasTouchScreen=false, version=56.0.2924.87, platform=MAC, browserConnectionEnabled=false, nativeEvents=true, acceptSslCerts=true, locationContextEnabled=true, webStorageEnabled=true, browserName=chrome, takesScreenshot=true, javascriptEnabled=true, cssSelectorsEnabled=true}]
Session ID: 713cb739d8441c4979d2b8e0e4d075ee
*** Element info: {Using=css selector, value=#menu-item-1825 a i}
	at sun.reflect.NativeConstructorAccessorImpl.newInstance0(Native Method)
	at sun.reflect.NativeConstructorAccessorImpl.newInstance(NativeConstructorAccessorImpl.java:62)
	at sun.reflect.DelegatingConstructorAccessorImpl.newInstance(DelegatingConstructorAccessorImpl.java:45)
	at java.lang.reflect.Constructor.newInstance(Constructor.java:423)
	at org.openqa.selenium.remote.ErrorHandler.createThrowable(ErrorHandler.java:216)
	at org.openqa.selenium.remote.ErrorHandler.throwIfResponseFailed(ErrorHandler.java:168)
	at org.openqa.selenium.remote.RemoteWebDriver.execute(RemoteWebDriver.java:635)
	at org.openqa.selenium.remote.RemoteWebDriver.findElement(RemoteWebDriver.java:368)
	at org.openqa.selenium.remote.RemoteWebDriver.findElementByCssSelector(RemoteWebDriver.java:465)
	at org.openqa.selenium.By$ByCssSelector.findElement(By.java:430)
	at org.openqa.selenium.remote.RemoteWebDriver.findElement(RemoteWebDriver.java:360)
	at org.openqa.selenium.support.pagefactory.DefaultElementLocator.findElement(DefaultElementLocator.java:69)
	at org.openqa.selenium.support.pagefactory.internal.LocatingElementHandler.invoke(LocatingElementHandler.java:38)
	at com.sun.proxy.$Proxy16.click(Unknown Source)
	at IPASS.HomePage.login(HomePage.java:27)
	at IPASS.StepDefs.a_registered_user_logged_into_the_dashboard(StepDefs.java:16)
	at ✽.Given a registered user logged into the dashboard(Geomon.feature:69)
</error>
    <system-out>
  @end2end
  Scenario Outline: User should be able to apply for course successfully                                                                   &amp;#27;[90m# Geomon.feature:77&amp;#27;[0m
    &amp;#27;[31mGiven &amp;#27;[0m&amp;#27;[31ma registered user logged into the dashboard&amp;#27;[0m                                                                                      &amp;#27;[90m# StepDefs.a_registered_user_logged_into_the_dashboard()&amp;#27;[0m
      &amp;#27;[31mjava.lang.NullPointerException
      	at sun.reflect.NativeMethodAccessorImpl.invoke0(Native Method)
      	at sun.reflect.NativeMethodAccessorImpl.invoke(NativeMethodAccessorImpl.java:62)
      	at sun.reflect.DelegatingMethodAccessorImpl.invoke(DelegatingMethodAccessorImpl.java:43)
      	at java.lang.reflect.Method.invoke(Method.java:498)
      	at org.openqa.selenium.support.pagefactory.internal.LocatingElementHandler.invoke(LocatingElementHandler.java:51)
      	at com.sun.proxy.$Proxy16.click(Unknown Source)
      	at IPASS.HomePage.login(HomePage.java:29)
      	at IPASS.StepDefs.a_registered_user_logged_into_the_dashboard(StepDefs.java:16)
      	at ✽.Given a registered user logged into the dashboard(Geomon.feature:69)
      &amp;#27;[0m
    &amp;#27;[36mWhen &amp;#27;[0m&amp;#27;[36mhe search for a course with title &quot;&amp;#27;[0m&amp;#27;[36m&amp;#27;[1mAerospace Engineering MSc&amp;#27;[0m&amp;#27;[36m&quot;&amp;#27;[0m                                                                     &amp;#27;[90m# StepDefs.he_search_for_a_course_with_title(String)&amp;#27;[0m
    &amp;#27;[36mAnd &amp;#27;[0m&amp;#27;[36mselect the university &quot;&amp;#27;[0m&amp;#27;[36m&amp;#27;[1mUniversity of Salford&amp;#27;[0m&amp;#27;[36m&quot; and navigate to the course &quot;&amp;#27;[0m&amp;#27;[36m&amp;#27;[1mAerospace Engineering MSc&amp;#27;[0m&amp;#27;[36m&quot;&amp;#27;[0m                               &amp;#27;[90m# StepDefs.select_the_university_and_navigate_to_the_course(String,String)&amp;#27;[0m
    &amp;#27;[36mAnd &amp;#27;[0m&amp;#27;[36mintended to apply for that course and selected apply course&amp;#27;[0m                                                                        &amp;#27;[90m# StepDefs.intended_to_apply_for_that_course_and_selected_apply_course()&amp;#27;[0m
    &amp;#27;[36mThen &amp;#27;[0m&amp;#27;[36mthe applied course &quot;&amp;#27;[0m&amp;#27;[36m&amp;#27;[1mAerospace Engineering MSc&amp;#27;[0m&amp;#27;[36m&quot; from univesity &quot;&amp;#27;[0m&amp;#27;[36m&amp;#27;[1mUniversity of Salford&amp;#27;[0m&amp;#27;[36m&quot; should be added to his My Universities list&amp;#27;[0m &amp;#27;[90m# StepDefs.the_applied_course_from_univesity_should_be_added_to_his_My_Universities_list(String,String)&amp;#27;[0m
</system-out>
  </testcase>
  <testcase classname="| Media Arts And Creative |  |" name="| Media Arts And Creative |  |" time="0.006">
    <error message="no such window: target window already closed
from unknown error: web view not found
  (Session info: chrome=56.0.2924.87)
  (Driver info: chromedriver=2.25.426935 (820a95b0b81d33e42712f9198c215f703412e1a1),platform=Mac OS X 10.12.2 x86_64) (WARNING: The server did not provide any stacktrace information)
Command duration or timeout: 43 milliseconds
Build info: version: &apos;3.0.1&apos;, revision: &apos;1969d75&apos;, time: &apos;2016-10-18 09:49:13 -0700&apos;
System info: host: &apos;Shiyas-MacBook-Pro.local&apos;, ip: &apos;192.168.0.25&apos;, os.name: &apos;Mac OS X&apos;, os.arch: &apos;x86_64&apos;, os.version: &apos;10.12.2&apos;, java.version: &apos;1.8.0_111&apos;
Driver info: org.openqa.selenium.chrome.ChromeDriver
Capabilities [{applicationCacheEnabled=false, rotatable=false, mobileEmulationEnabled=false, networkConnectionEnabled=false, chrome={chromedriverVersion=2.25.426935 (820a95b0b81d33e42712f9198c215f703412e1a1), userDataDir=/var/folders/88/fndvyy_n08n5jl5472qbh0dc0000gn/T/.org.chromium.Chromium.oDNczG}, takesHeapSnapshot=true, pageLoadStrategy=normal, databaseEnabled=false, handlesAlerts=true, hasTouchScreen=false, version=56.0.2924.87, platform=MAC, browserConnectionEnabled=false, nativeEvents=true, acceptSslCerts=true, locationContextEnabled=true, webStorageEnabled=true, browserName=chrome, takesScreenshot=true, javascriptEnabled=true, cssSelectorsEnabled=true}]
Session ID: 713cb739d8441c4979d2b8e0e4d075ee
*** Element info: {Using=css selector, value=#menu-item-1825 a i}" type="org.openqa.selenium.NoSuchWindowException">org.openqa.selenium.NoSuchWindowException: no such window: target window already closed
from unknown error: web view not found
  (Session info: chrome=56.0.2924.87)
  (Driver info: chromedriver=2.25.426935 (820a95b0b81d33e42712f9198c215f703412e1a1),platform=Mac OS X 10.12.2 x86_64) (WARNING: The server did not provide any stacktrace information)
Command duration or timeout: 43 milliseconds
Build info: version: &apos;3.0.1&apos;, revision: &apos;1969d75&apos;, time: &apos;2016-10-18 09:49:13 -0700&apos;
System info: host: &apos;Shiyas-MacBook-Pro.local&apos;, ip: &apos;192.168.0.25&apos;, os.name: &apos;Mac OS X&apos;, os.arch: &apos;x86_64&apos;, os.version: &apos;10.12.2&apos;, java.version: &apos;1.8.0_111&apos;
Driver info: org.openqa.selenium.chrome.ChromeDriver
Capabilities [{applicationCacheEnabled=false, rotatable=false, mobileEmulationEnabled=false, networkConnectionEnabled=false, chrome={chromedriverVersion=2.25.426935 (820a95b0b81d33e42712f9198c215f703412e1a1), userDataDir=/var/folders/88/fndvyy_n08n5jl5472qbh0dc0000gn/T/.org.chromium.Chromium.oDNczG}, takesHeapSnapshot=true, pageLoadStrategy=normal, databaseEnabled=false, handlesAlerts=true, hasTouchScreen=false, version=56.0.2924.87, platform=MAC, browserConnectionEnabled=false, nativeEvents=true, acceptSslCerts=true, locationContextEnabled=true, webStorageEnabled=true, browserName=chrome, takesScreenshot=true, javascriptEnabled=true, cssSelectorsEnabled=true}]
Session ID: 713cb739d8441c4979d2b8e0e4d075ee
*** Element info: {Using=css selector, value=#menu-item-1825 a i}
	at sun.reflect.NativeConstructorAccessorImpl.newInstance0(Native Method)
	at sun.reflect.NativeConstructorAccessorImpl.newInstance(NativeConstructorAccessorImpl.java:62)
	at sun.reflect.DelegatingConstructorAccessorImpl.newInstance(DelegatingConstructorAccessorImpl.java:45)
	at java.lang.reflect.Constructor.newInstance(Constructor.java:423)
	at org.openqa.selenium.remote.ErrorHandler.createThrowable(ErrorHandler.java:216)
	at org.openqa.selenium.remote.ErrorHandler.throwIfResponseFailed(ErrorHandler.java:168)
	at org.openqa.selenium.remote.RemoteWebDriver.execute(RemoteWebDriver.java:635)
	at org.openqa.selenium.remote.RemoteWebDriver.findElement(RemoteWebDriver.java:368)
	at org.openqa.selenium.remote.RemoteWebDriver.findElementByCssSelector(RemoteWebDriver.java:465)
	at org.openqa.selenium.By$ByCssSelector.findElement(By.java:430)
	at org.openqa.selenium.remote.RemoteWebDriver.findElement(RemoteWebDriver.java:360)
	at org.openqa.selenium.support.pagefactory.DefaultElementLocator.findElement(DefaultElementLocator.java:69)
	at org.openqa.selenium.support.pagefactory.internal.LocatingElementHandler.invoke(LocatingElementHandler.java:38)
	at com.sun.proxy.$Proxy16.click(Unknown Source)
	at IPASS.HomePage.login(HomePage.java:27)
	at IPASS.StepDefs.a_registered_user_logged_into_the_dashboard(StepDefs.java:16)
	at ✽.Given a registered user logged into the dashboard(Geomon.feature:69)
</error>
  </testcase>
  <testcase classname="| Media Arts And Creative |  |" name="When he search for a course with title &quot;Media Arts And Creative&quot;" time="0.007">
    <skipped/>
  </testcase>
  <testcase classname="| Media Arts And Creative |  |" name="And select the university &quot;&quot; and navigate to the course &quot;Media Arts And Creative&quot;" time="0.007">
    <skipped/>
  </testcase>
  <testcase classname="| Media Arts And Creative |  |" name="And intended to apply for that course and selected apply course" time="0.008">
    <skipped/>
  </testcase>
  <testcase classname="| Media Arts And Creative |  |" name="Then the applied course &quot;Media Arts And Creative&quot; from univesity &quot;&quot; should be added to his My Universities list" time="0.008">
    <skipped/>
  </testcase>
  <testcase classname="| Petroleum And Gas |  |" name="Given a registered user logged into the dashboard" time="0.003">
    <error message="no such window: target window already closed
from unknown error: web view not found
  (Session info: chrome=56.0.2924.87)
  (Driver info: chromedriver=2.25.426935 (820a95b0b81d33e42712f9198c215f703412e1a1),platform=Mac OS X 10.12.2 x86_64) (WARNING: The server did not provide any stacktrace information)
Command duration or timeout: 6 milliseconds
Build info: version: &apos;3.0.1&apos;, revision: &apos;1969d75&apos;, time: &apos;2016-10-18 09:49:13 -0700&apos;
System info: host: &apos;Shiyas-MacBook-Pro.local&apos;, ip: &apos;192.168.0.25&apos;, os.name: &apos;Mac OS X&apos;, os.arch: &apos;x86_64&apos;, os.version: &apos;10.12.2&apos;, java.version: &apos;1.8.0_111&apos;
Driver info: org.openqa.selenium.chrome.ChromeDriver
Capabilities [{applicationCacheEnabled=false, rotatable=false, mobileEmulationEnabled=false, networkConnectionEnabled=false, chrome={chromedriverVersion=2.25.426935 (820a95b0b81d33e42712f9198c215f703412e1a1), userDataDir=/var/folders/88/fndvyy_n08n5jl5472qbh0dc0000gn/T/.org.chromium.Chromium.oDNczG}, takesHeapSnapshot=true, pageLoadStrategy=normal, databaseEnabled=false, handlesAlerts=true, hasTouchScreen=false, version=56.0.2924.87, platform=MAC, browserConnectionEnabled=false, nativeEvents=true, acceptSslCerts=true, locationContextEnabled=true, webStorageEnabled=true, browserName=chrome, takesScreenshot=true, javascriptEnabled=true, cssSelectorsEnabled=true}]
Session ID: 713cb739d8441c4979d2b8e0e4d075ee
*** Element info: {Using=css selector, value=#menu-item-1825 a i}" type="org.openqa.selenium.NoSuchWindowException">org.openqa.selenium.NoSuchWindowException: no such window: target window already closed
from unknown error: web view not found
  (Session info: chrome=56.0.2924.87)
  (Driver info: chromedriver=2.25.426935 (820a95b0b81d33e42712f9198c215f703412e1a1),platform=Mac OS X 10.12.2 x86_64) (WARNING: The server did not provide any stacktrace information)
Command duration or timeout: 6 milliseconds
Build info: version: &apos;3.0.1&apos;, revision: &apos;1969d75&apos;, time: &apos;2016-10-18 09:49:13 -0700&apos;
System info: host: &apos;Shiyas-MacBook-Pro.local&apos;, ip: &apos;192.168.0.25&apos;, os.name: &apos;Mac OS X&apos;, os.arch: &apos;x86_64&apos;, os.version: &apos;10.12.2&apos;, java.version: &apos;1.8.0_111&apos;
Driver info: org.openqa.selenium.chrome.ChromeDriver
Capabilities [{applicationCacheEnabled=false, rotatable=false, mobileEmulationEnabled=false, networkConnectionEnabled=false, chrome={chromedriverVersion=2.25.426935 (820a95b0b81d33e42712f9198c215f703412e1a1), userDataDir=/var/folders/88/fndvyy_n08n5jl5472qbh0dc0000gn/T/.org.chromium.Chromium.oDNczG}, takesHeapSnapshot=true, pageLoadStrategy=normal, databaseEnabled=false, handlesAlerts=true, hasTouchScreen=false, version=56.0.2924.87, platform=MAC, browserConnectionEnabled=false, nativeEvents=true, acceptSslCerts=true, locationContextEnabled=true, webStorageEnabled=true, browserName=chrome, takesScreenshot=true, javascriptEnabled=true, cssSelectorsEnabled=true}]
Session ID: 713cb739d8441c4979d2b8e0e4d075ee
*** Element info: {Using=css selector, value=#menu-item-1825 a i}
	at sun.reflect.NativeConstructorAccessorImpl.newInstance0(Native Method)
	at sun.reflect.NativeConstructorAccessorImpl.newInstance(NativeConstructorAccessorImpl.java:62)
	at sun.reflect.DelegatingConstructorAccessorImpl.newInstance(DelegatingConstructorAccessorImpl.java:45)
	at java.lang.reflect.Constructor.newInstance(Constructor.java:423)
	at org.openqa.selenium.remote.ErrorHandler.createThrowable(ErrorHandler.java:216)
	at org.openqa.selenium.remote.ErrorHandler.throwIfResponseFailed(ErrorHandler.java:168)
	at org.openqa.selenium.remote.RemoteWebDriver.execute(RemoteWebDriver.java:635)
	at org.openqa.selenium.remote.RemoteWebDriver.findElement(RemoteWebDriver.java:368)
	at org.openqa.selenium.remote.RemoteWebDriver.findElementByCssSelector(RemoteWebDriver.java:465)
	at org.openqa.selenium.By$ByCssSelector.findElement(By.java:430)
	at org.openqa.selenium.remote.RemoteWebDriver.findElement(RemoteWebDriver.java:360)
	at org.openqa.selenium.support.pagefactory.DefaultElementLocator.findElement(DefaultElementLocator.java:69)
	at org.openqa.selenium.support.pagefactory.internal.LocatingElementHandler.invoke(LocatingElementHandler.java:38)
	at com.sun.proxy.$Proxy16.click(Unknown Source)
	at IPASS.HomePage.login(HomePage.java:27)
	at IPASS.StepDefs.a_registered_user_logged_into_the_dashboard(StepDefs.java:16)
	at ✽.Given a registered user logged into the dashboard(Geomon.feature:69)
</error>
    <system-out>
  @end2end
  Scenario Outline: User should be able to apply for course successfully                                            &amp;#27;[90m# Geomon.feature:78&amp;#27;[0m
    &amp;#27;[31mGiven &amp;#27;[0m&amp;#27;[31ma registered user logged into the dashboard&amp;#27;[0m                                                               &amp;#27;[90m# StepDefs.a_registered_user_logged_into_the_dashboard()&amp;#27;[0m
      &amp;#27;[31morg.openqa.selenium.NoSuchWindowException: no such window: target window already closed
      from unknown error: web view not found
        (Session info: chrome=56.0.2924.87)
        (Driver info: chromedriver=2.25.426935 (820a95b0b81d33e42712f9198c215f703412e1a1),platform=Mac OS X 10.12.2 x86_64) (WARNING: The server did not provide any stacktrace information)
      Command duration or timeout: 43 milliseconds
      Build info: version: &apos;3.0.1&apos;, revision: &apos;1969d75&apos;, time: &apos;2016-10-18 09:49:13 -0700&apos;
      System info: host: &apos;Shiyas-MacBook-Pro.local&apos;, ip: &apos;192.168.0.25&apos;, os.name: &apos;Mac OS X&apos;, os.arch: &apos;x86_64&apos;, os.version: &apos;10.12.2&apos;, java.version: &apos;1.8.0_111&apos;
      Driver info: org.openqa.selenium.chrome.ChromeDriver
      Capabilities [{applicationCacheEnabled=false, rotatable=false, mobileEmulationEnabled=false, networkConnectionEnabled=false, chrome={chromedriverVersion=2.25.426935 (820a95b0b81d33e42712f9198c215f703412e1a1), userDataDir=/var/folders/88/fndvyy_n08n5jl5472qbh0dc0000gn/T/.org.chromium.Chromium.oDNczG}, takesHeapSnapshot=true, pageLoadStrategy=normal, databaseEnabled=false, handlesAlerts=true, hasTouchScreen=false, version=56.0.2924.87, platform=MAC, browserConnectionEnabled=false, nativeEvents=true, acceptSslCerts=true, locationContextEnabled=true, webStorageEnabled=true, browserName=chrome, takesScreenshot=true, javascriptEnabled=true, cssSelectorsEnabled=true}]
      Session ID: 713cb739d8441c4979d2b8e0e4d075ee
      *** Element info: {Using=css selector, value=#menu-item-1825 a i}
      	at sun.reflect.NativeConstructorAccessorImpl.newInstance0(Native Method)
      	at sun.reflect.NativeConstructorAccessorImpl.newInstance(NativeConstructorAccessorImpl.java:62)
      	at sun.reflect.DelegatingConstructorAccessorImpl.newInstance(DelegatingConstructorAccessorImpl.java:45)
      	at java.lang.reflect.Constructor.newInstance(Constructor.java:423)
      	at org.openqa.selenium.remote.ErrorHandler.createThrowable(ErrorHandler.java:216)
      	at org.openqa.selenium.remote.ErrorHandler.throwIfResponseFailed(ErrorHandler.java:168)
      	at org.openqa.selenium.remote.RemoteWebDriver.execute(RemoteWebDriver.java:635)
      	at org.openqa.selenium.remote.RemoteWebDriver.findElement(RemoteWebDriver.java:368)
      	at org.openqa.selenium.remote.RemoteWebDriver.findElementByCssSelector(RemoteWebDriver.java:465)
      	at org.openqa.selenium.By$ByCssSelector.findElement(By.java:430)
      	at org.openqa.selenium.remote.RemoteWebDriver.findElement(RemoteWebDriver.java:360)
      	at org.openqa.selenium.support.pagefactory.DefaultElementLocator.findElement(DefaultElementLocator.java:69)
      	at org.openqa.selenium.support.pagefactory.internal.LocatingElementHandler.invoke(LocatingElementHandler.java:38)
      	at com.sun.proxy.$Proxy16.click(Unknown Source)
      	at IPASS.HomePage.login(HomePage.java:27)
      	at IPASS.StepDefs.a_registered_user_logged_into_the_dashboard(StepDefs.java:16)
      	at ✽.Given a registered user logged into the dashboard(Geomon.feature:69)
      &amp;#27;[0m
    &amp;#27;[36mWhen &amp;#27;[0m&amp;#27;[36mhe search for a course with title &quot;&amp;#27;[0m&amp;#27;[36m&amp;#27;[1mMedia Arts And Creative&amp;#27;[0m&amp;#27;[36m&quot;&amp;#27;[0m                                                &amp;#27;[90m# StepDefs.he_search_for_a_course_with_title(String)&amp;#27;[0m
    &amp;#27;[36mAnd &amp;#27;[0m&amp;#27;[36mselect the university &quot;&amp;#27;[0m&amp;#27;[36m&amp;#27;[1m&amp;#27;[0m&amp;#27;[36m&quot; and navigate to the course &quot;&amp;#27;[0m&amp;#27;[36m&amp;#27;[1mMedia Arts And Creative&amp;#27;[0m&amp;#27;[36m&quot;&amp;#27;[0m                               &amp;#27;[90m# StepDefs.select_the_university_and_navigate_to_the_course(String,String)&amp;#27;[0m
    &amp;#27;[36mAnd &amp;#27;[0m&amp;#27;[36mintended to apply for that course and selected apply course&amp;#27;[0m                                                 &amp;#27;[90m# StepDefs.intended_to_apply_for_that_course_and_selected_apply_course()&amp;#27;[0m
    &amp;#27;[36mThen &amp;#27;[0m&amp;#27;[36mthe applied course &quot;&amp;#27;[0m&amp;#27;[36m&amp;#27;[1mMedia Arts And Creative&amp;#27;[0m&amp;#27;[36m&quot; from univesity &quot;&amp;#27;[0m&amp;#27;[36m&amp;#27;[1m&amp;#27;[0m&amp;#27;[36m&quot; should be added to his My Universities list&amp;#27;[0m &amp;#27;[90m# StepDefs.the_applied_course_from_univesity_should_be_added_to_his_My_Universities_list(String,String)&amp;#27;[0m
</system-out>
  </testcase>
  <testcase classname="| Petroleum And Gas |  |" name="| Petroleum And Gas |  |" time="0.005">
    <error message="no such window: target window already closed
from unknown error: web view not found
  (Session info: chrome=56.0.2924.87)
  (Driver info: chromedriver=2.25.426935 (820a95b0b81d33e42712f9198c215f703412e1a1),platform=Mac OS X 10.12.2 x86_64) (WARNING: The server did not provide any stacktrace information)
Command duration or timeout: 6 milliseconds
Build info: version: &apos;3.0.1&apos;, revision: &apos;1969d75&apos;, time: &apos;2016-10-18 09:49:13 -0700&apos;
System info: host: &apos;Shiyas-MacBook-Pro.local&apos;, ip: &apos;192.168.0.25&apos;, os.name: &apos;Mac OS X&apos;, os.arch: &apos;x86_64&apos;, os.version: &apos;10.12.2&apos;, java.version: &apos;1.8.0_111&apos;
Driver info: org.openqa.selenium.chrome.ChromeDriver
Capabilities [{applicationCacheEnabled=false, rotatable=false, mobileEmulationEnabled=false, networkConnectionEnabled=false, chrome={chromedriverVersion=2.25.426935 (820a95b0b81d33e42712f9198c215f703412e1a1), userDataDir=/var/folders/88/fndvyy_n08n5jl5472qbh0dc0000gn/T/.org.chromium.Chromium.oDNczG}, takesHeapSnapshot=true, pageLoadStrategy=normal, databaseEnabled=false, handlesAlerts=true, hasTouchScreen=false, version=56.0.2924.87, platform=MAC, browserConnectionEnabled=false, nativeEvents=true, acceptSslCerts=true, locationContextEnabled=true, webStorageEnabled=true, browserName=chrome, takesScreenshot=true, javascriptEnabled=true, cssSelectorsEnabled=true}]
Session ID: 713cb739d8441c4979d2b8e0e4d075ee
*** Element info: {Using=css selector, value=#menu-item-1825 a i}" type="org.openqa.selenium.NoSuchWindowException">org.openqa.selenium.NoSuchWindowException: no such window: target window already closed
from unknown error: web view not found
  (Session info: chrome=56.0.2924.87)
  (Driver info: chromedriver=2.25.426935 (820a95b0b81d33e42712f9198c215f703412e1a1),platform=Mac OS X 10.12.2 x86_64) (WARNING: The server did not provide any stacktrace information)
Command duration or timeout: 6 milliseconds
Build info: version: &apos;3.0.1&apos;, revision: &apos;1969d75&apos;, time: &apos;2016-10-18 09:49:13 -0700&apos;
System info: host: &apos;Shiyas-MacBook-Pro.local&apos;, ip: &apos;192.168.0.25&apos;, os.name: &apos;Mac OS X&apos;, os.arch: &apos;x86_64&apos;, os.version: &apos;10.12.2&apos;, java.version: &apos;1.8.0_111&apos;
Driver info: org.openqa.selenium.chrome.ChromeDriver
Capabilities [{applicationCacheEnabled=false, rotatable=false, mobileEmulationEnabled=false, networkConnectionEnabled=false, chrome={chromedriverVersion=2.25.426935 (820a95b0b81d33e42712f9198c215f703412e1a1), userDataDir=/var/folders/88/fndvyy_n08n5jl5472qbh0dc0000gn/T/.org.chromium.Chromium.oDNczG}, takesHeapSnapshot=true, pageLoadStrategy=normal, databaseEnabled=false, handlesAlerts=true, hasTouchScreen=false, version=56.0.2924.87, platform=MAC, browserConnectionEnabled=false, nativeEvents=true, acceptSslCerts=true, locationContextEnabled=true, webStorageEnabled=true, browserName=chrome, takesScreenshot=true, javascriptEnabled=true, cssSelectorsEnabled=true}]
Session ID: 713cb739d8441c4979d2b8e0e4d075ee
*** Element info: {Using=css selector, value=#menu-item-1825 a i}
	at sun.reflect.NativeConstructorAccessorImpl.newInstance0(Native Method)
	at sun.reflect.NativeConstructorAccessorImpl.newInstance(NativeConstructorAccessorImpl.java:62)
	at sun.reflect.DelegatingConstructorAccessorImpl.newInstance(DelegatingConstructorAccessorImpl.java:45)
	at java.lang.reflect.Constructor.newInstance(Constructor.java:423)
	at org.openqa.selenium.remote.ErrorHandler.createThrowable(ErrorHandler.java:216)
	at org.openqa.selenium.remote.ErrorHandler.throwIfResponseFailed(ErrorHandler.java:168)
	at org.openqa.selenium.remote.RemoteWebDriver.execute(RemoteWebDriver.java:635)
	at org.openqa.selenium.remote.RemoteWebDriver.findElement(RemoteWebDriver.java:368)
	at org.openqa.selenium.remote.RemoteWebDriver.findElementByCssSelector(RemoteWebDriver.java:465)
	at org.openqa.selenium.By$ByCssSelector.findElement(By.java:430)
	at org.openqa.selenium.remote.RemoteWebDriver.findElement(RemoteWebDriver.java:360)
	at org.openqa.selenium.support.pagefactory.DefaultElementLocator.findElement(DefaultElementLocator.java:69)
	at org.openqa.selenium.support.pagefactory.internal.LocatingElementHandler.invoke(LocatingElementHandler.java:38)
	at com.sun.proxy.$Proxy16.click(Unknown Source)
	at IPASS.HomePage.login(HomePage.java:27)
	at IPASS.StepDefs.a_registered_user_logged_into_the_dashboard(StepDefs.java:16)
	at ✽.Given a registered user logged into the dashboard(Geomon.feature:69)
</error>
  </testcase>
  <testcase classname="| Petroleum And Gas |  |" name="When he search for a course with title &quot;Petroleum And Gas&quot;" time="0.005">
    <skipped/>
  </testcase>
  <testcase classname="| Petroleum And Gas |  |" name="And select the university &quot;&quot; and navigate to the course &quot;Petroleum And Gas&quot;" time="0.006">
    <skipped/>
  </testcase>
  <testcase classname="| Petroleum And Gas |  |" name="And intended to apply for that course and selected apply course" time="0.006">
    <skipped/>
  </testcase>
  <testcase classname="| Petroleum And Gas |  |" name="Then the applied course &quot;Petroleum And Gas&quot; from univesity &quot;&quot; should be added to his My Universities list" time="0.007">
    <skipped/>
  </testcase>
</testsuite>